<?xml version="1.0" encoding="UTF-8"?>
<testsuite name="agh.ics.oop.OptionsParserTest" tests="4" skipped="0" failures="0" errors="0" timestamp="2021-12-06T12:18:36" hostname="DESKTOP-KCQGPMG" time="0.029">
  <properties/>
  <testcase name="positionAfterMoveTest()" classname="agh.ics.oop.OptionsParserTest" time="0.023"/>
  <testcase name="parseTest()" classname="agh.ics.oop.OptionsParserTest" time="0.003"/>
  <testcase name="directionAfterMoveTest()" classname="agh.ics.oop.OptionsParserTest" time="0.001"/>
  <testcase name="integrateTest()" classname="agh.ics.oop.OptionsParserTest" time="0.001"/>
  <system-out><![CDATA[]]></system-out>
  <system-err><![CDATA[]]></system-err>
</testsuite>
