<?xml version="1.0" encoding="UTF-8"?>
<testsuite name="agh.ics.oop.Vector2dTest" tests="9" skipped="0" failures="0" errors="0" timestamp="2021-10-26T08:40:24" hostname="LAPTOP-9TNL3FUP" time="0.027">
  <properties/>
  <testcase name="testAdd()" classname="agh.ics.oop.Vector2dTest" time="0.015"/>
  <testcase name="testFollows()" classname="agh.ics.oop.Vector2dTest" time="0.001"/>
  <testcase name="testToString()" classname="agh.ics.oop.Vector2dTest" time="0.005"/>
  <testcase name="testPreceds()" classname="agh.ics.oop.Vector2dTest" time="0.0"/>
  <testcase name="testLowerLeft()" classname="agh.ics.oop.Vector2dTest" time="0.0"/>
  <testcase name="testOpposite()" classname="agh.ics.oop.Vector2dTest" time="0.0"/>
  <testcase name="testSubstract()" classname="agh.ics.oop.Vector2dTest" time="0.001"/>
  <testcase name="testEquals()" classname="agh.ics.oop.Vector2dTest" time="0.0"/>
  <testcase name="testUpperRight()" classname="agh.ics.oop.Vector2dTest" time="0.0"/>
  <system-out><![CDATA[]]></system-out>
  <system-err><![CDATA[]]></system-err>
</testsuite>
