<?xml version="1.0" encoding="UTF-8"?>
<testsuite name="agh.ics.oop.SimulationEngineTest" tests="2" skipped="0" failures="0" errors="0" timestamp="2021-11-19T14:07:01" hostname="LAPTOP-9TNL3FUP" time="0.057">
  <properties/>
  <testcase name="RunTest1()" classname="agh.ics.oop.SimulationEngineTest" time="0.033"/>
  <testcase name="RunTest2()" classname="agh.ics.oop.SimulationEngineTest" time="0.023"/>
  <system-out><![CDATA[ y\x  0 1 2
  3: -------
  2: | |E| |
  1: | | |N|
  0: | |N| |
 -1: -------

 y\x  0 1 2
  3: -------
  2: | |E|N|
  1: | | | |
  0: | |N| |
 -1: -------

 y\x  0 1 2
  3: -------
  2: | |E|N|
  1: | | | |
  0: |W| | |
 -1: -------

 y\x  0 1 2
  3: -------
  2: | |E|N|
  1: | | | |
  0: |W| | |
 -1: -------

 y\x  0 1 2
  3: -------
  2: | |E| |
  1: | | |N|
  0: |W| | |
 -1: -------

 y\x  0 1 2
  3: -------
  2: | |E| |
  1: | | |N|
  0: |W| | |
 -1: -------

 y\x  0 1 2
  3: -------
  2: | | |E|
  1: | | |N|
  0: |W| | |
 -1: -------

 y\x -1 0 1 2 3 4 5 6 7 8 9
 10: -----------------------
  9: | | | | | | | | | | |N|
  8: | | | | |*| | | | | |N|
  7: | | | |*| |*| | |*| | |
  6: | |*| | | | | | | | | |
  5: | | | | | | | | | | | |
  4: | | | | | | | | | | | |
  3: | | | | | | | | | |*| |
  2: | | | | | | | | | | | |
  1: | | | | |*|*| | | | | |
  0: | | | | | | | | | | | |
 -1: | | | | | | | | | | | |
 -2: |N| | | | | | | | | | |
 -3: -----------------------

 y\x -1 0 1 2 3 4 5 6 7 8 9
 10: -----------------------
  9: | | | | | | | | | | |N|
  8: | | | | |*| | | | | |N|
  7: | | | |*| |*| | |*| | |
  6: | |*| | | | | | | | | |
  5: | | | | | | | | | | | |
  4: | | | | | | | | | | | |
  3: | | | | | | | | | |*| |
  2: | | | | | | | | | | | |
  1: | | | | |*|*| | | | | |
  0: | | | | | | | | | | | |
 -1: | | | | | | | | | | | |
 -2: |N| | | | | | | | | | |
 -3: -----------------------

 y\x -1 0 1 2 3 4 5 6 7 8 910
 10: -------------------------
  9: | | | | | | | | | | |*|E|
  8: | | | | |*| | | | | |N| |
  7: | | | |*| |*| | |*| | | |
  6: | |*| | | | | | | | | | |
  5: | | | | | | | | | | | | |
  4: | | | | | | | | | | | | |
  3: | | | | | | | | | |*| | |
  2: | | | | | | | | | | | | |
  1: | | | | |*|*| | | | | | |
  0: | | | | | | | | | | | | |
 -1: | | | | | | | | | | | | |
 -2: |N| | | | | | | | | | | |
 -3: -------------------------

 y\x -1 0 1 2 3 4 5 6 7 8 910
 10: -------------------------
  9: | | | | | | | | | | |*|E|
  8: | | | | |*| | | | | |N| |
  7: | | | |*| |*| | |*| | | |
  6: | |*| | | | | | | | | | |
  5: | | | | | | | | | | | | |
  4: | | | | | | | | | | | | |
  3: | | | | | | | | | |*| | |
  2: | | | | | | | | | | | | |
  1: | | | | |*|*| | | | | | |
  0: | | | | | | | | | | | | |
 -1: | | | | | | | | | | | | |
 -2: | | | | | | | | | | | | |
 -3: |N| | | | | | | | | | | |
 -4: -------------------------

 y\x -1 0 1 2 3 4 5 6 7 8 910
 10: -------------------------
  9: | | | | | | | | | | |N|E|
  8: | | | | |*| | | | | |*| |
  7: | | | |*| |*| | |*| | | |
  6: | |*| | | | | | | | | | |
  5: | | | | | | | | | | | | |
  4: | | | | | | | | | | | | |
  3: | | | | | | | | | |*| | |
  2: | | | | | | | | | | | | |
  1: | | | | |*|*| | | | | | |
  0: | | | | | | | | | | | | |
 -1: | | | | | | | | | | | | |
 -2: | | | | | | | | | | | | |
 -3: |N| | | | | | | | | | | |
 -4: -------------------------

 y\x -1 0 1 2 3 4 5 6 7 8 91011
 10: ---------------------------
  9: | | | | | | | | | | |N| |E|
  8: | | | | |*| | | | | |*| | |
  7: | | | |*| |*| | |*| | | | |
  6: | |*| | | | | | | | | | | |
  5: | | | | | | | | | | | | | |
  4: | | | | | | | | | | | | | |
  3: | | | | | | | | | |*| | | |
  2: | | | | | | | | | | | | | |
  1: | | | | |*|*| | | | | | | |
  0: | | | | | | | | | | | | | |
 -1: | | | | | | | | | | | | | |
 -2: | | | | | | | | | | | | | |
 -3: |N| | | | | | | | | | | | |
 -4: ---------------------------

 y\x -1 0 1 2 3 4 5 6 7 8 91011
 10: ---------------------------
  9: | | | | | | | | | | |N| |E|
  8: | | | | |*| | | | | |*| | |
  7: | | | |*| |*| | |*| | | | |
  6: | |*| | | | | | | | | | | |
  5: | | | | | | | | | | | | | |
  4: | | | | | | | | | | | | | |
  3: | | | | | | | | | |*| | | |
  2: | | | | | | | | | | | | | |
  1: | | | | |*|*| | | | | | | |
  0: | | | | | | | | | | | | | |
 -1: | | | | | | | | | | | | | |
 -2: | | | | | | | | | | | | | |
 -3: | | | | | | | | | | | | | |
 -4: |N| | | | | | | | | | | | |
 -5: ---------------------------

 y\x -1 0 1 2 3 4 5 6 7 8 91011
 11: ---------------------------
 10: | | | | | | | | | | |N| | |
  9: | | | | | | | | | | |*| |E|
  8: | | | | |*| | | | | |*| | |
  7: | | | |*| |*| | |*| | | | |
  6: | |*| | | | | | | | | | | |
  5: | | | | | | | | | | | | | |
  4: | | | | | | | | | | | | | |
  3: | | | | | | | | | |*| | | |
  2: | | | | | | | | | | | | | |
  1: | | | | |*|*| | | | | | | |
  0: | | | | | | | | | | | | | |
 -1: | | | | | | | | | | | | | |
 -2: | | | | | | | | | | | | | |
 -3: | | | | | | | | | | | | | |
 -4: |N| | | | | | | | | | | | |
 -5: ---------------------------

 y\x -1 0 1 2 3 4 5 6 7 8 9101112
 11: -----------------------------
 10: | | | | | | | | | | |N| | | |
  9: | | | | | | | | | | |*| | |E|
  8: | | | | |*| | | | | |*| | | |
  7: | | | |*| |*| | |*| | | | | |
  6: | |*| | | | | | | | | | | | |
  5: | | | | | | | | | | | | | | |
  4: | | | | | | | | | | | | | | |
  3: | | | | | | | | | |*| | | | |
  2: | | | | | | | | | | | | | | |
  1: | | | | |*|*| | | | | | | | |
  0: | | | | | | | | | | | | | | |
 -1: | | | | | | | | | | | | | | |
 -2: | | | | | | | | | | | | | | |
 -3: | | | | | | | | | | | | | | |
 -4: |N| | | | | | | | | | | | | |
 -5: -----------------------------

]]></system-out>
  <system-err><![CDATA[]]></system-err>
</testsuite>
