<?xml version="1.0" encoding="UTF-8"?>
<testsuite name="agh.ics.oop.SimulationEngineTest" tests="1" skipped="0" failures="0" errors="0" timestamp="2021-11-04T13:31:55" hostname="LAPTOP-9TNL3FUP" time="0.016">
  <properties/>
  <testcase name="RunTest()" classname="agh.ics.oop.SimulationEngineTest" time="0.016"/>
  <system-out><![CDATA[]]></system-out>
  <system-err><![CDATA[]]></system-err>
</testsuite>
