<?xml version="1.0" encoding="UTF-8"?>
<testsuite name="agh.ics.oop.OptionsParserTest" tests="1" skipped="0" failures="0" errors="0" timestamp="2021-10-28T15:38:02" hostname="LAPTOP-9TNL3FUP" time="0.019">
  <properties/>
  <testcase name="positionAfterMoveTest()" classname="agh.ics.oop.OptionsParserTest" time="0.019"/>
  <system-out><![CDATA[]]></system-out>
  <system-err><![CDATA[]]></system-err>
</testsuite>
