<?xml version="1.0" encoding="UTF-8"?>
<testsuite name="agh.ics.oop.Vector2dTest" tests="9" skipped="0" failures="0" errors="0" timestamp="2021-12-04T11:31:07" hostname="DESKTOP-KCQGPMG" time="0.044">
  <properties/>
  <testcase name="testAdd()" classname="agh.ics.oop.Vector2dTest" time="0.026"/>
  <testcase name="testFollows()" classname="agh.ics.oop.Vector2dTest" time="0.0"/>
  <testcase name="testToString()" classname="agh.ics.oop.Vector2dTest" time="0.006"/>
  <testcase name="testPreceds()" classname="agh.ics.oop.Vector2dTest" time="0.001"/>
  <testcase name="testLowerLeft()" classname="agh.ics.oop.Vector2dTest" time="0.001"/>
  <testcase name="testOpposite()" classname="agh.ics.oop.Vector2dTest" time="0.001"/>
  <testcase name="testSubstract()" classname="agh.ics.oop.Vector2dTest" time="0.001"/>
  <testcase name="testEquals()" classname="agh.ics.oop.Vector2dTest" time="0.003"/>
  <testcase name="testUpperRight()" classname="agh.ics.oop.Vector2dTest" time="0.001"/>
  <system-out><![CDATA[]]></system-out>
  <system-err><![CDATA[]]></system-err>
</testsuite>
